<?xml version="1.0" encoding="UTF-8"?>
<!-- Generated by org.testng.reporters.JUnitReportReporter -->
<testsuite hostname="ZANY-PC" name="demo.CrossBrowser" tests="1" failures="0" timestamp="20 Jan 2020 22:03:37 GMT" time="24.544" errors="0">
  <testcase name="OpenBrowser" time="24.544" classname="demo.CrossBrowser"/>
</testsuite> <!-- demo.CrossBrowser -->
