<?xml version="1.0" encoding="UTF-8"?>
<!-- Generated by org.testng.reporters.JUnitReportReporter -->
<testsuite hostname="ZANY-PC" name="demo.VerifyTitle" tests="1" failures="0" timestamp="20 Jan 2020 17:56:36 GMT" time="0.014" errors="0">
  <testcase name="verifyFacebookPageTitle" time="0.014" classname="demo.VerifyTitle"/>
</testsuite> <!-- demo.VerifyTitle -->
