<?xml version="1.0" encoding="UTF-8"?>
<!-- Generated by org.testng.reporters.JUnitReportReporter -->
<testsuite hostname="ZANY-PC" name="demo.CrossBrowserParallelExecutionExample" tests="12" failures="0" timestamp="20 Jan 2020 23:09:05 GMT" time="1.366" errors="0">
  <testcase name="verifyPageTitle" time="0.005" classname="demo.CrossBrowserParallelExecutionExample"/>
  <testcase name="verifyPageTitle" time="0.006" classname="demo.CrossBrowserParallelExecutionExample"/>
  <testcase name="verifyLoginBtnVisibility" time="0.049" classname="demo.CrossBrowserParallelExecutionExample"/>
  <testcase name="verifySearchBtnEnable" time="0.297" classname="demo.CrossBrowserParallelExecutionExample"/>
  <testcase name="verifyPageTitle" time="0.005" classname="demo.CrossBrowserParallelExecutionExample"/>
  <testcase name="verifyLoginBtnVisibility" time="0.240" classname="demo.CrossBrowserParallelExecutionExample"/>
  <testcase name="verifySearchBtnEnable" time="0.025" classname="demo.CrossBrowserParallelExecutionExample"/>
  <testcase name="verifySearchBtnEnable" time="0.072" classname="demo.CrossBrowserParallelExecutionExample"/>
  <testcase name="verifyLoginBtnVisibility" time="0.034" classname="demo.CrossBrowserParallelExecutionExample"/>
  <testcase name="verifyLoginBtnVisibility" time="0.392" classname="demo.CrossBrowserParallelExecutionExample"/>
  <testcase name="verifyPageTitle" time="0.028" classname="demo.CrossBrowserParallelExecutionExample"/>
  <testcase name="verifySearchBtnEnable" time="0.213" classname="demo.CrossBrowserParallelExecutionExample"/>
</testsuite> <!-- demo.CrossBrowserParallelExecutionExample -->
