<?xml version="1.0" encoding="UTF-8"?>
<!-- Generated by org.testng.reporters.JUnitReportReporter -->
<testsuite hostname="ZANY-PC" name="demo.MultipleValidations" tests="3" failures="0" timestamp="20 Jan 2020 19:30:01 GMT" time="0.099" errors="0">
  <testcase name="verifyPageTitle" time="0.014" classname="demo.MultipleValidations"/>
  <testcase name="verifyLoginBtnVisibility" time="0.054" classname="demo.MultipleValidations"/>
  <testcase name="verifySearchBtnEnable" time="0.031" classname="demo.MultipleValidations"/>
</testsuite> <!-- demo.MultipleValidations -->
