<?xml version="1.0" encoding="UTF-8"?>
<!-- Generated by org.testng.reporters.JUnitReportReporter -->
<testsuite hostname="ZANY-PC" name="demo.ScreenShotExample" tests="1" failures="0" timestamp="21 Jan 2020 22:10:27 GMT" time="12.656" errors="0">
  <testcase name="verifyFlightBooking" time="12.656" classname="demo.ScreenShotExample"/>
</testsuite> <!-- demo.ScreenShotExample -->
