<?xml version="1.0" encoding="UTF-8"?>
<!-- Generated by org.testng.reporters.JUnitReportReporter -->
<testsuite hostname="ZANY-PC" name="demo.CrossBrowserSequentialExecutionExample" tests="12" failures="0" timestamp="20 Jan 2020 23:07:05 GMT" time="1.078" errors="0">
  <testcase name="verifySearchBtnEnable" time="0.213" classname="demo.CrossBrowserSequentialExecutionExample"/>
  <testcase name="verifySearchBtnEnable" time="0.026" classname="demo.CrossBrowserSequentialExecutionExample"/>
  <testcase name="verifySearchBtnEnable" time="0.184" classname="demo.CrossBrowserSequentialExecutionExample"/>
  <testcase name="verifyLoginBtnVisibility" time="0.255" classname="demo.CrossBrowserSequentialExecutionExample"/>
  <testcase name="verifyLoginBtnVisibility" time="0.033" classname="demo.CrossBrowserSequentialExecutionExample"/>
  <testcase name="verifyLoginBtnVisibility" time="0.059" classname="demo.CrossBrowserSequentialExecutionExample"/>
  <testcase name="verifyPageTitle" time="0.003" classname="demo.CrossBrowserSequentialExecutionExample"/>
  <testcase name="verifyLoginBtnVisibility" time="0.247" classname="demo.CrossBrowserSequentialExecutionExample"/>
  <testcase name="verifyPageTitle" time="0.014" classname="demo.CrossBrowserSequentialExecutionExample"/>
  <testcase name="verifyPageTitle" time="0.005" classname="demo.CrossBrowserSequentialExecutionExample"/>
  <testcase name="verifySearchBtnEnable" time="0.028" classname="demo.CrossBrowserSequentialExecutionExample"/>
  <testcase name="verifyPageTitle" time="0.011" classname="demo.CrossBrowserSequentialExecutionExample"/>
</testsuite> <!-- demo.CrossBrowserSequentialExecutionExample -->
