<?xml version="1.0" encoding="UTF-8"?>
<!-- Generated by org.testng.reporters.JUnitReportReporter -->
<testsuite hostname="ZANY-PC" name="demo.CrossBrowserTestExample" tests="12" failures="0" timestamp="20 Jan 2020 22:32:29 GMT" time="1.209" errors="0">
  <testcase name="verifySearchBtnEnable" time="0.215" classname="demo.CrossBrowserTestExample"/>
  <testcase name="verifySearchBtnEnable" time="0.024" classname="demo.CrossBrowserTestExample"/>
  <testcase name="verifyPageTitle" time="0.015" classname="demo.CrossBrowserTestExample"/>
  <testcase name="verifyLoginBtnVisibility" time="0.040" classname="demo.CrossBrowserTestExample"/>
  <testcase name="verifyLoginBtnVisibility" time="0.111" classname="demo.CrossBrowserTestExample"/>
  <testcase name="verifyPageTitle" time="0.006" classname="demo.CrossBrowserTestExample"/>
  <testcase name="verifyLoginBtnVisibility" time="0.238" classname="demo.CrossBrowserTestExample"/>
  <testcase name="verifySearchBtnEnable" time="0.299" classname="demo.CrossBrowserTestExample"/>
  <testcase name="verifyLoginBtnVisibility" time="0.219" classname="demo.CrossBrowserTestExample"/>
  <testcase name="verifyPageTitle" time="0.003" classname="demo.CrossBrowserTestExample"/>
  <testcase name="verifySearchBtnEnable" time="0.029" classname="demo.CrossBrowserTestExample"/>
  <testcase name="verifyPageTitle" time="0.010" classname="demo.CrossBrowserTestExample"/>
</testsuite> <!-- demo.CrossBrowserTestExample -->
